<?xml version="1.0" encoding="UTF-8"?>
<!-- Generated by org.testng.reporters.JUnitXMLReporter -->
<testsuite ignored="0" hostname="DESKTOP-EQR3C6J" failures="1" tests="2" name="Test" time="61.475" errors="0" timestamp="2024-05-02T18:35:58 IST">
  <testcase classname="testCase.Tc_001_MyAccountRigstration" name="Tc_001_MyAccountRigstrationTest" time="18.671">
    <failure type="java.lang.AssertionError" message="expected [Your Account Has Been Created!!] but found [Your Account Has Been Created!]">
      <![CDATA[java.lang.AssertionError: expected [Your Account Has Been Created!!] but found [Your Account Has Been Created!]
at testCase.Tc_001_MyAccountRigstration.Tc_001_MyAccountRigstrationTest(Tc_001_MyAccountRigstration.java:49)
at java.base/java.util.ArrayList.forEach(ArrayList.java:1511)
... Removed 33 stack frames]]>
    </failure>
  </testcase> <!-- Tc_001_MyAccountRigstrationTest -->
  <testcase classname="testCase.Tc_002_LoginTest" name="verify_Login" time="7.724"/>
</testsuite> <!-- Test -->
