<?xml version="1.0" encoding="UTF-8"?>
<!-- Generated by org.testng.reporters.JUnitXMLReporter -->
<testsuite ignored="0" hostname="DESKTOP-EQR3C6J" failures="0" tests="5" name="Test" time="73.933" errors="0" timestamp="2024-05-01T19:58:55 IST">
  <testcase classname="testCase.Tc_003_LoginDDT" name="verify_LoginDDT" time="11.23"/>
  <testcase classname="testCase.Tc_003_LoginDDT" name="verify_LoginDDT" time="13.874"/>
  <testcase classname="testCase.Tc_003_LoginDDT" name="verify_LoginDDT" time="13.564"/>
  <testcase classname="testCase.Tc_003_LoginDDT" name="verify_LoginDDT" time="13.475"/>
  <testcase classname="testCase.Tc_003_LoginDDT" name="verify_LoginDDT" time="5.078"/>
</testsuite> <!-- Test -->
