<?xml version="1.0" encoding="UTF-8"?>
<testng-results ignored="0" total="2" passed="2" failed="0" skipped="0">
  <reporter-output>
  </reporter-output>
  <suite started-at="2024-05-04T10:23:54 IST" name="MySuite" finished-at="2024-05-04T10:24:50 IST" duration-ms="55747">
    <groups>
      <group name="regression">
        <method signature="Tc_002_LoginTest.verify_Login()[pri:0, instance:testCase.Tc_002_LoginTest@1c9f0a20]" name="verify_Login" class="testCase.Tc_002_LoginTest"/>
      </group> <!-- regression -->
      <group name="sanity">
        <method signature="Tc_001_MyAccountRigstration.Tc_001_MyAccountRigstrationTest()[pri:0, instance:testCase.Tc_001_MyAccountRigstration@768ccdc5]" name="Tc_001_MyAccountRigstrationTest" class="testCase.Tc_001_MyAccountRigstration"/>
      </group> <!-- sanity -->
      <group name="master">
        <method signature="Tc_001_MyAccountRigstration.Tc_001_MyAccountRigstrationTest()[pri:0, instance:testCase.Tc_001_MyAccountRigstration@768ccdc5]" name="Tc_001_MyAccountRigstrationTest" class="testCase.Tc_001_MyAccountRigstration"/>
        <method signature="Tc_002_LoginTest.verify_Login()[pri:0, instance:testCase.Tc_002_LoginTest@1c9f0a20]" name="verify_Login" class="testCase.Tc_002_LoginTest"/>
      </group> <!-- master -->
    </groups>
    <test started-at="2024-05-04T10:23:54 IST" name="Test" finished-at="2024-05-04T10:24:50 IST" duration-ms="55747">
      <class name="testCase.Tc_001_MyAccountRigstration">
        <test-method is-config="true" signature="setUp(java.lang.String,java.lang.String)[pri:0, instance:testCase.Tc_001_MyAccountRigstration@768ccdc5]" started-at="2024-05-04T10:23:55 IST" name="setUp" finished-at="2024-05-04T10:24:18 IST" duration-ms="23041" status="PASS">
          <params>
            <param index="0">
              <value>
                <![CDATA[Window]]>
              </value>
            </param>
            <param index="1">
              <value>
                <![CDATA[chrome]]>
              </value>
            </param>
          </params>
          <reporter-output>
          </reporter-output>
        </test-method> <!-- setUp -->
        <test-method signature="Tc_001_MyAccountRigstrationTest()[pri:0, instance:testCase.Tc_001_MyAccountRigstration@768ccdc5]" started-at="2024-05-04T10:24:18 IST" name="Tc_001_MyAccountRigstrationTest" finished-at="2024-05-04T10:24:35 IST" duration-ms="16911" status="PASS">
          <reporter-output>
          </reporter-output>
        </test-method> <!-- Tc_001_MyAccountRigstrationTest -->
        <test-method is-config="true" signature="tearDown()[pri:0, instance:testCase.Tc_001_MyAccountRigstration@768ccdc5]" started-at="2024-05-04T10:24:35 IST" name="tearDown" finished-at="2024-05-04T10:24:36 IST" duration-ms="562" status="PASS">
          <reporter-output>
          </reporter-output>
        </test-method> <!-- tearDown -->
      </class> <!-- testCase.Tc_001_MyAccountRigstration -->
      <class name="testCase.Tc_002_LoginTest">
        <test-method is-config="true" signature="setUp(java.lang.String,java.lang.String)[pri:0, instance:testCase.Tc_002_LoginTest@1c9f0a20]" started-at="2024-05-04T10:24:36 IST" name="setUp" finished-at="2024-05-04T10:24:43 IST" duration-ms="6986" status="PASS">
          <params>
            <param index="0">
              <value>
                <![CDATA[Window]]>
              </value>
            </param>
            <param index="1">
              <value>
                <![CDATA[chrome]]>
              </value>
            </param>
          </params>
          <reporter-output>
          </reporter-output>
        </test-method> <!-- setUp -->
        <test-method signature="verify_Login()[pri:0, instance:testCase.Tc_002_LoginTest@1c9f0a20]" started-at="2024-05-04T10:24:43 IST" name="verify_Login" finished-at="2024-05-04T10:24:49 IST" duration-ms="6616" status="PASS">
          <reporter-output>
          </reporter-output>
        </test-method> <!-- verify_Login -->
        <test-method is-config="true" signature="tearDown()[pri:0, instance:testCase.Tc_002_LoginTest@1c9f0a20]" started-at="2024-05-04T10:24:49 IST" name="tearDown" finished-at="2024-05-04T10:24:50 IST" duration-ms="458" status="PASS">
          <reporter-output>
          </reporter-output>
        </test-method> <!-- tearDown -->
      </class> <!-- testCase.Tc_002_LoginTest -->
    </test> <!-- Test -->
  </suite> <!-- MySuite -->
</testng-results>
